<?xml version="1.0" encoding="UTF-8"?>
<!-- Generated by org.testng.reporters.JUnitReportReporter -->
<testsuite hostname="DESKTOP-SNK2VRI" failures="0" tests="3" name="tests.GetAndPostRequest" time="0.676" errors="0" timestamp="2023-06-05T22:15:11 EDT" skipped="0">
  <testcase classname="tests.GetAndPostRequest" name="testPostUsingJson" time="0.399"/>
  <system-out/>
  <testcase classname="tests.GetAndPostRequest" name="testPostusingMap" time="0.001"/>
  <system-out/>
  <testcase classname="tests.GetAndPostRequest" name="testGet" time="0.276"/>
  <system-out/>
</testsuite> <!-- tests.GetAndPostRequest -->
