<?xml version="1.0" encoding="UTF-8"?>
<!-- Generated by org.testng.reporters.JUnitReportReporter -->
<testsuite hostname="DESKTOP-SNK2VRI" failures="0" tests="2" name="tests.TestExamples" time="1.514" errors="0" timestamp="2023-06-05T22:15:11 EDT" skipped="0">
  <testcase classname="tests.TestExamples" name="test_1" time="0.244"/>
  <system-out/>
  <testcase classname="tests.TestExamples" name="test_2" time="1.270"/>
  <system-out/>
</testsuite> <!-- tests.TestExamples -->
