<?xml version="1.0" encoding="UTF-8"?>
<!-- Generated by org.testng.reporters.JUnitReportReporter -->
<testsuite hostname="DESKTOP-SNK2VRI" failures="0" tests="1" name="tests.PutPatchDeleteExamples" time="2.726" errors="0" timestamp="2023-06-05T22:15:11 EDT" skipped="0">
  <testcase classname="tests.PutPatchDeleteExamples" name="DeleteRequest" time="2.726"/>
  <system-out/>
</testsuite> <!-- tests.PutPatchDeleteExamples -->
